<?xml version="1.0" encoding="UTF-8"?>
<testsuite xmlns:xsi="http://www.w3.org/2001/XMLSchema-instance" xsi:noNamespaceSchemaLocation="https://maven.apache.org/surefire/maven-surefire-plugin/xsd/surefire-test-report-3.0.xsd" version="3.0" name="TestSuite" time="34.141" tests="6" errors="0" skipped="0" failures="0">
  <properties>
    <property name="java.specification.version" value="18"/>
    <property name="webdriver.chrome.driver" value="/Users/thu/Grid/chromedriver"/>
    <property name="sun.jnu.encoding" value="UTF-8"/>
    <property name="java.class.path" value="/Users/thu/seleniumtraining/E2EProject/target/test-classes:/Users/thu/seleniumtraining/E2EProject/target/classes:/Users/thu/.m2/repository/org/projectlombok/lombok/1.18.22/lombok-1.18.22.jar:/Users/thu/.m2/repository/io/cucumber/cucumber-testng/7.3.4/cucumber-testng-7.3.4.jar:/Users/thu/.m2/repository/org/apiguardian/apiguardian-api/1.1.2/apiguardian-api-1.1.2.jar:/Users/thu/.m2/repository/io/cucumber/cucumber-core/7.3.4/cucumber-core-7.3.4.jar:/Users/thu/.m2/repository/io/cucumber/cucumber-gherkin/7.3.4/cucumber-gherkin-7.3.4.jar:/Users/thu/.m2/repository/io/cucumber/cucumber-gherkin-messages/7.3.4/cucumber-gherkin-messages-7.3.4.jar:/Users/thu/.m2/repository/io/cucumber/gherkin/23.0.1/gherkin-23.0.1.jar:/Users/thu/.m2/repository/io/cucumber/messages/18.0.0/messages-18.0.0.jar:/Users/thu/.m2/repository/io/cucumber/tag-expressions/4.1.0/tag-expressions-4.1.0.jar:/Users/thu/.m2/repository/io/cucumber/cucumber-expressions/15.1.1/cucumber-expressions-15.1.1.jar:/Users/thu/.m2/repository/io/cucumber/datatable/7.3.4/datatable-7.3.4.jar:/Users/thu/.m2/repository/io/cucumber/cucumber-plugin/7.3.4/cucumber-plugin-7.3.4.jar:/Users/thu/.m2/repository/io/cucumber/docstring/7.3.4/docstring-7.3.4.jar:/Users/thu/.m2/repository/io/cucumber/html-formatter/19.1.0/html-formatter-19.1.0.jar:/Users/thu/.m2/repository/io/cucumber/ci-environment/9.0.4/ci-environment-9.0.4.jar:/Users/thu/.m2/repository/io/cucumber/cucumber-java/7.3.4/cucumber-java-7.3.4.jar:/Users/thu/.m2/repository/io/cucumber/cucumber-junit/7.3.4/cucumber-junit-7.3.4.jar:/Users/thu/.m2/repository/com/aventstack/extentreports/5.0.9/extentreports-5.0.9.jar:/Users/thu/.m2/repository/io/reactivex/rxjava3/rxjava/3.0.4/rxjava-3.0.4.jar:/Users/thu/.m2/repository/org/reactivestreams/reactive-streams/1.0.3/reactive-streams-1.0.3.jar:/Users/thu/.m2/repository/org/freemarker/freemarker/2.3.30/freemarker-2.3.30.jar:/Users/thu/.m2/repository/com/google/code/gson/gson/2.8.6/gson-2.8.6.jar:/Users/thu/.m2/repository/commons-io/commons-io/2.11.0/commons-io-2.11.0.jar:/Users/thu/.m2/repository/org/apache/logging/log4j/log4j-api/2.17.2/log4j-api-2.17.2.jar:/Users/thu/.m2/repository/org/apache/logging/log4j/log4j-core/2.17.2/log4j-core-2.17.2.jar:/Users/thu/.m2/repository/io/github/bonigarcia/webdrivermanager/5.2.0/webdrivermanager-5.2.0.jar:/Users/thu/.m2/repository/org/slf4j/slf4j-api/1.7.36/slf4j-api-1.7.36.jar:/Users/thu/.m2/repository/com/github/docker-java/docker-java/3.2.13/docker-java-3.2.13.jar:/Users/thu/.m2/repository/com/github/docker-java/docker-java-core/3.2.13/docker-java-core-3.2.13.jar:/Users/thu/.m2/repository/com/github/docker-java/docker-java-api/3.2.13/docker-java-api-3.2.13.jar:/Users/thu/.m2/repository/com/fasterxml/jackson/core/jackson-annotations/2.10.3/jackson-annotations-2.10.3.jar:/Users/thu/.m2/repository/org/apache/commons/commons-compress/1.21/commons-compress-1.21.jar:/Users/thu/.m2/repository/com/fasterxml/jackson/core/jackson-databind/2.10.3/jackson-databind-2.10.3.jar:/Users/thu/.m2/repository/com/fasterxml/jackson/core/jackson-core/2.10.3/jackson-core-2.10.3.jar:/Users/thu/.m2/repository/org/bouncycastle/bcpkix-jdk15on/1.64/bcpkix-jdk15on-1.64.jar:/Users/thu/.m2/repository/org/bouncycastle/bcprov-jdk15on/1.64/bcprov-jdk15on-1.64.jar:/Users/thu/.m2/repository/org/slf4j/jcl-over-slf4j/1.7.30/jcl-over-slf4j-1.7.30.jar:/Users/thu/.m2/repository/com/github/docker-java/docker-java-transport-httpclient5/3.2.13/docker-java-transport-httpclient5-3.2.13.jar:/Users/thu/.m2/repository/com/github/docker-java/docker-java-transport/3.2.13/docker-java-transport-3.2.13.jar:/Users/thu/.m2/repository/net/java/dev/jna/jna/5.8.0/jna-5.8.0.jar:/Users/thu/.m2/repository/org/brotli/dec/0.1.2/dec-0.1.2.jar:/Users/thu/.m2/repository/org/apache/commons/commons-lang3/3.12.0/commons-lang3-3.12.0.jar:/Users/thu/.m2/repository/org/apache/httpcomponents/client5/httpclient5/5.1.3/httpclient5-5.1.3.jar:/Users/thu/.m2/repository/org/apache/httpcomponents/core5/httpcore5/5.1.3/httpcore5-5.1.3.jar:/Users/thu/.m2/repository/org/apache/httpcomponents/core5/httpcore5-h2/5.1.3/httpcore5-h2-5.1.3.jar:/Users/thu/.m2/repository/commons-codec/commons-codec/1.15/commons-codec-1.15.jar:/Users/thu/.m2/repository/org/seleniumhq/selenium/selenium-java/4.2.2/selenium-java-4.2.2.jar:/Users/thu/.m2/repository/org/seleniumhq/selenium/selenium-api/4.2.2/selenium-api-4.2.2.jar:/Users/thu/.m2/repository/org/seleniumhq/selenium/selenium-chrome-driver/4.2.2/selenium-chrome-driver-4.2.2.jar:/Users/thu/.m2/repository/com/google/auto/service/auto-service-annotations/1.0.1/auto-service-annotations-1.0.1.jar:/Users/thu/.m2/repository/com/google/auto/service/auto-service/1.0.1/auto-service-1.0.1.jar:/Users/thu/.m2/repository/com/google/auto/auto-common/1.2/auto-common-1.2.jar:/Users/thu/.m2/repository/com/google/guava/guava/31.1-jre/guava-31.1-jre.jar:/Users/thu/.m2/repository/com/google/guava/failureaccess/1.0.1/failureaccess-1.0.1.jar:/Users/thu/.m2/repository/com/google/guava/listenablefuture/9999.0-empty-to-avoid-conflict-with-guava/listenablefuture-9999.0-empty-to-avoid-conflict-with-guava.jar:/Users/thu/.m2/repository/org/checkerframework/checker-qual/3.12.0/checker-qual-3.12.0.jar:/Users/thu/.m2/repository/com/google/errorprone/error_prone_annotations/2.11.0/error_prone_annotations-2.11.0.jar:/Users/thu/.m2/repository/com/google/j2objc/j2objc-annotations/1.3/j2objc-annotations-1.3.jar:/Users/thu/.m2/repository/org/seleniumhq/selenium/selenium-chromium-driver/4.2.2/selenium-chromium-driver-4.2.2.jar:/Users/thu/.m2/repository/org/seleniumhq/selenium/selenium-json/4.2.2/selenium-json-4.2.2.jar:/Users/thu/.m2/repository/org/seleniumhq/selenium/selenium-devtools-v100/4.2.2/selenium-devtools-v100-4.2.2.jar:/Users/thu/.m2/repository/org/seleniumhq/selenium/selenium-devtools-v101/4.2.2/selenium-devtools-v101-4.2.2.jar:/Users/thu/.m2/repository/org/seleniumhq/selenium/selenium-devtools-v102/4.2.2/selenium-devtools-v102-4.2.2.jar:/Users/thu/.m2/repository/org/seleniumhq/selenium/selenium-devtools-v85/4.2.2/selenium-devtools-v85-4.2.2.jar:/Users/thu/.m2/repository/org/seleniumhq/selenium/selenium-edge-driver/4.2.2/selenium-edge-driver-4.2.2.jar:/Users/thu/.m2/repository/org/seleniumhq/selenium/selenium-firefox-driver/4.2.2/selenium-firefox-driver-4.2.2.jar:/Users/thu/.m2/repository/org/seleniumhq/selenium/selenium-ie-driver/4.2.2/selenium-ie-driver-4.2.2.jar:/Users/thu/.m2/repository/org/seleniumhq/selenium/selenium-opera-driver/4.2.2/selenium-opera-driver-4.2.2.jar:/Users/thu/.m2/repository/org/seleniumhq/selenium/selenium-remote-driver/4.2.2/selenium-remote-driver-4.2.2.jar:/Users/thu/.m2/repository/io/netty/netty-buffer/4.1.77.Final/netty-buffer-4.1.77.Final.jar:/Users/thu/.m2/repository/io/netty/netty-codec-http/4.1.77.Final/netty-codec-http-4.1.77.Final.jar:/Users/thu/.m2/repository/io/netty/netty-codec/4.1.77.Final/netty-codec-4.1.77.Final.jar:/Users/thu/.m2/repository/io/netty/netty-handler/4.1.77.Final/netty-handler-4.1.77.Final.jar:/Users/thu/.m2/repository/io/netty/netty-common/4.1.77.Final/netty-common-4.1.77.Final.jar:/Users/thu/.m2/repository/io/netty/netty-transport-classes-epoll/4.1.77.Final/netty-transport-classes-epoll-4.1.77.Final.jar:/Users/thu/.m2/repository/io/netty/netty-transport-classes-kqueue/4.1.77.Final/netty-transport-classes-kqueue-4.1.77.Final.jar:/Users/thu/.m2/repository/io/netty/netty-transport-native-epoll/4.1.77.Final/netty-transport-native-epoll-4.1.77.Final.jar:/Users/thu/.m2/repository/io/netty/netty-transport-native-kqueue/4.1.77.Final/netty-transport-native-kqueue-4.1.77.Final.jar:/Users/thu/.m2/repository/io/netty/netty-transport-native-unix-common/4.1.77.Final/netty-transport-native-unix-common-4.1.77.Final.jar:/Users/thu/.m2/repository/io/netty/netty-transport/4.1.77.Final/netty-transport-4.1.77.Final.jar:/Users/thu/.m2/repository/io/netty/netty-resolver/4.1.77.Final/netty-resolver-4.1.77.Final.jar:/Users/thu/.m2/repository/io/opentelemetry/opentelemetry-api/1.14.0/opentelemetry-api-1.14.0.jar:/Users/thu/.m2/repository/io/opentelemetry/opentelemetry-context/1.14.0/opentelemetry-context-1.14.0.jar:/Users/thu/.m2/repository/io/opentelemetry/opentelemetry-exporter-logging/1.14.0/opentelemetry-exporter-logging-1.14.0.jar:/Users/thu/.m2/repository/io/opentelemetry/opentelemetry-sdk-metrics/1.14.0/opentelemetry-sdk-metrics-1.14.0.jar:/Users/thu/.m2/repository/io/opentelemetry/opentelemetry-sdk-logs/1.14.0-alpha/opentelemetry-sdk-logs-1.14.0-alpha.jar:/Users/thu/.m2/repository/io/opentelemetry/opentelemetry-sdk-common/1.14.0/opentelemetry-sdk-common-1.14.0.jar:/Users/thu/.m2/repository/io/opentelemetry/opentelemetry-sdk-extension-autoconfigure-spi/1.14.0/opentelemetry-sdk-extension-autoconfigure-spi-1.14.0.jar:/Users/thu/.m2/repository/io/opentelemetry/opentelemetry-sdk-extension-autoconfigure/1.14.0-alpha/opentelemetry-sdk-extension-autoconfigure-1.14.0-alpha.jar:/Users/thu/.m2/repository/io/opentelemetry/opentelemetry-sdk-trace/1.14.0/opentelemetry-sdk-trace-1.14.0.jar:/Users/thu/.m2/repository/io/opentelemetry/opentelemetry-sdk/1.14.0/opentelemetry-sdk-1.14.0.jar:/Users/thu/.m2/repository/io/opentelemetry/opentelemetry-semconv/1.14.0-alpha/opentelemetry-semconv-1.14.0-alpha.jar:/Users/thu/.m2/repository/io/ous/jtoml/2.0.0/jtoml-2.0.0.jar:/Users/thu/.m2/repository/net/bytebuddy/byte-buddy/1.12.10/byte-buddy-1.12.10.jar:/Users/thu/.m2/repository/org/apache/commons/commons-exec/1.3/commons-exec-1.3.jar:/Users/thu/.m2/repository/org/asynchttpclient/async-http-client/2.12.3/async-http-client-2.12.3.jar:/Users/thu/.m2/repository/org/asynchttpclient/async-http-client-netty-utils/2.12.3/async-http-client-netty-utils-2.12.3.jar:/Users/thu/.m2/repository/io/netty/netty-codec-socks/4.1.60.Final/netty-codec-socks-4.1.60.Final.jar:/Users/thu/.m2/repository/io/netty/netty-handler-proxy/4.1.60.Final/netty-handler-proxy-4.1.60.Final.jar:/Users/thu/.m2/repository/io/netty/netty-transport-native-epoll/4.1.60.Final/netty-transport-native-epoll-4.1.60.Final-linux-x86_64.jar:/Users/thu/.m2/repository/io/netty/netty-transport-native-kqueue/4.1.60.Final/netty-transport-native-kqueue-4.1.60.Final-osx-x86_64.jar:/Users/thu/.m2/repository/com/typesafe/netty/netty-reactive-streams/2.0.4/netty-reactive-streams-2.0.4.jar:/Users/thu/.m2/repository/com/sun/activation/jakarta.activation/1.2.2/jakarta.activation-1.2.2.jar:/Users/thu/.m2/repository/org/seleniumhq/selenium/selenium-http/4.2.2/selenium-http-4.2.2.jar:/Users/thu/.m2/repository/dev/failsafe/failsafe/3.2.4/failsafe-3.2.4.jar:/Users/thu/.m2/repository/org/seleniumhq/selenium/selenium-safari-driver/4.2.2/selenium-safari-driver-4.2.2.jar:/Users/thu/.m2/repository/org/seleniumhq/selenium/selenium-support/4.2.2/selenium-support-4.2.2.jar:/Users/thu/.m2/repository/org/testng/testng/7.5/testng-7.5.jar:/Users/thu/.m2/repository/com/google/code/findbugs/jsr305/3.0.1/jsr305-3.0.1.jar:/Users/thu/.m2/repository/com/beust/jcommander/1.78/jcommander-1.78.jar:/Users/thu/.m2/repository/org/webjars/jquery/3.5.1/jquery-3.5.1.jar:/Users/thu/.m2/repository/junit/junit/4.11/junit-4.11.jar:/Users/thu/.m2/repository/org/hamcrest/hamcrest-core/1.3/hamcrest-core-1.3.jar:"/>
    <property name="java.vm.vendor" value="Oracle Corporation"/>
    <property name="sun.arch.data.model" value="64"/>
    <property name="java.vendor.url" value="https://java.oracle.com/"/>
    <property name="user.timezone" value="Europe/Paris"/>
    <property name="os.name" value="Mac OS X"/>
    <property name="java.vm.specification.version" value="18"/>
    <property name="sun.java.launcher" value="SUN_STANDARD"/>
    <property name="user.country" value="FR"/>
    <property name="sun.boot.library.path" value="/Library/Java/JavaVirtualMachines/jdk-18.0.1.1.jdk/Contents/Home/lib"/>
    <property name="sun.java.command" value="/Users/thu/seleniumtraining/E2EProject/target/surefire/surefirebooter-20220628131150792_3.jar /Users/thu/seleniumtraining/E2EProject/target/surefire 2022-06-28T13-11-50_685-jvmRun1 surefire-20220628131150792_1tmp surefire_0-20220628131150792_2tmp"/>
    <property name="http.nonProxyHosts" value="local|*.local|169.254/16|*.169.254/16"/>
    <property name="jdk.debug" value="release"/>
    <property name="surefire.test.class.path" value="/Users/thu/seleniumtraining/E2EProject/target/test-classes:/Users/thu/seleniumtraining/E2EProject/target/classes:/Users/thu/.m2/repository/org/projectlombok/lombok/1.18.22/lombok-1.18.22.jar:/Users/thu/.m2/repository/io/cucumber/cucumber-testng/7.3.4/cucumber-testng-7.3.4.jar:/Users/thu/.m2/repository/org/apiguardian/apiguardian-api/1.1.2/apiguardian-api-1.1.2.jar:/Users/thu/.m2/repository/io/cucumber/cucumber-core/7.3.4/cucumber-core-7.3.4.jar:/Users/thu/.m2/repository/io/cucumber/cucumber-gherkin/7.3.4/cucumber-gherkin-7.3.4.jar:/Users/thu/.m2/repository/io/cucumber/cucumber-gherkin-messages/7.3.4/cucumber-gherkin-messages-7.3.4.jar:/Users/thu/.m2/repository/io/cucumber/gherkin/23.0.1/gherkin-23.0.1.jar:/Users/thu/.m2/repository/io/cucumber/messages/18.0.0/messages-18.0.0.jar:/Users/thu/.m2/repository/io/cucumber/tag-expressions/4.1.0/tag-expressions-4.1.0.jar:/Users/thu/.m2/repository/io/cucumber/cucumber-expressions/15.1.1/cucumber-expressions-15.1.1.jar:/Users/thu/.m2/repository/io/cucumber/datatable/7.3.4/datatable-7.3.4.jar:/Users/thu/.m2/repository/io/cucumber/cucumber-plugin/7.3.4/cucumber-plugin-7.3.4.jar:/Users/thu/.m2/repository/io/cucumber/docstring/7.3.4/docstring-7.3.4.jar:/Users/thu/.m2/repository/io/cucumber/html-formatter/19.1.0/html-formatter-19.1.0.jar:/Users/thu/.m2/repository/io/cucumber/ci-environment/9.0.4/ci-environment-9.0.4.jar:/Users/thu/.m2/repository/io/cucumber/cucumber-java/7.3.4/cucumber-java-7.3.4.jar:/Users/thu/.m2/repository/io/cucumber/cucumber-junit/7.3.4/cucumber-junit-7.3.4.jar:/Users/thu/.m2/repository/com/aventstack/extentreports/5.0.9/extentreports-5.0.9.jar:/Users/thu/.m2/repository/io/reactivex/rxjava3/rxjava/3.0.4/rxjava-3.0.4.jar:/Users/thu/.m2/repository/org/reactivestreams/reactive-streams/1.0.3/reactive-streams-1.0.3.jar:/Users/thu/.m2/repository/org/freemarker/freemarker/2.3.30/freemarker-2.3.30.jar:/Users/thu/.m2/repository/com/google/code/gson/gson/2.8.6/gson-2.8.6.jar:/Users/thu/.m2/repository/commons-io/commons-io/2.11.0/commons-io-2.11.0.jar:/Users/thu/.m2/repository/org/apache/logging/log4j/log4j-api/2.17.2/log4j-api-2.17.2.jar:/Users/thu/.m2/repository/org/apache/logging/log4j/log4j-core/2.17.2/log4j-core-2.17.2.jar:/Users/thu/.m2/repository/io/github/bonigarcia/webdrivermanager/5.2.0/webdrivermanager-5.2.0.jar:/Users/thu/.m2/repository/org/slf4j/slf4j-api/1.7.36/slf4j-api-1.7.36.jar:/Users/thu/.m2/repository/com/github/docker-java/docker-java/3.2.13/docker-java-3.2.13.jar:/Users/thu/.m2/repository/com/github/docker-java/docker-java-core/3.2.13/docker-java-core-3.2.13.jar:/Users/thu/.m2/repository/com/github/docker-java/docker-java-api/3.2.13/docker-java-api-3.2.13.jar:/Users/thu/.m2/repository/com/fasterxml/jackson/core/jackson-annotations/2.10.3/jackson-annotations-2.10.3.jar:/Users/thu/.m2/repository/org/apache/commons/commons-compress/1.21/commons-compress-1.21.jar:/Users/thu/.m2/repository/com/fasterxml/jackson/core/jackson-databind/2.10.3/jackson-databind-2.10.3.jar:/Users/thu/.m2/repository/com/fasterxml/jackson/core/jackson-core/2.10.3/jackson-core-2.10.3.jar:/Users/thu/.m2/repository/org/bouncycastle/bcpkix-jdk15on/1.64/bcpkix-jdk15on-1.64.jar:/Users/thu/.m2/repository/org/bouncycastle/bcprov-jdk15on/1.64/bcprov-jdk15on-1.64.jar:/Users/thu/.m2/repository/org/slf4j/jcl-over-slf4j/1.7.30/jcl-over-slf4j-1.7.30.jar:/Users/thu/.m2/repository/com/github/docker-java/docker-java-transport-httpclient5/3.2.13/docker-java-transport-httpclient5-3.2.13.jar:/Users/thu/.m2/repository/com/github/docker-java/docker-java-transport/3.2.13/docker-java-transport-3.2.13.jar:/Users/thu/.m2/repository/net/java/dev/jna/jna/5.8.0/jna-5.8.0.jar:/Users/thu/.m2/repository/org/brotli/dec/0.1.2/dec-0.1.2.jar:/Users/thu/.m2/repository/org/apache/commons/commons-lang3/3.12.0/commons-lang3-3.12.0.jar:/Users/thu/.m2/repository/org/apache/httpcomponents/client5/httpclient5/5.1.3/httpclient5-5.1.3.jar:/Users/thu/.m2/repository/org/apache/httpcomponents/core5/httpcore5/5.1.3/httpcore5-5.1.3.jar:/Users/thu/.m2/repository/org/apache/httpcomponents/core5/httpcore5-h2/5.1.3/httpcore5-h2-5.1.3.jar:/Users/thu/.m2/repository/commons-codec/commons-codec/1.15/commons-codec-1.15.jar:/Users/thu/.m2/repository/org/seleniumhq/selenium/selenium-java/4.2.2/selenium-java-4.2.2.jar:/Users/thu/.m2/repository/org/seleniumhq/selenium/selenium-api/4.2.2/selenium-api-4.2.2.jar:/Users/thu/.m2/repository/org/seleniumhq/selenium/selenium-chrome-driver/4.2.2/selenium-chrome-driver-4.2.2.jar:/Users/thu/.m2/repository/com/google/auto/service/auto-service-annotations/1.0.1/auto-service-annotations-1.0.1.jar:/Users/thu/.m2/repository/com/google/auto/service/auto-service/1.0.1/auto-service-1.0.1.jar:/Users/thu/.m2/repository/com/google/auto/auto-common/1.2/auto-common-1.2.jar:/Users/thu/.m2/repository/com/google/guava/guava/31.1-jre/guava-31.1-jre.jar:/Users/thu/.m2/repository/com/google/guava/failureaccess/1.0.1/failureaccess-1.0.1.jar:/Users/thu/.m2/repository/com/google/guava/listenablefuture/9999.0-empty-to-avoid-conflict-with-guava/listenablefuture-9999.0-empty-to-avoid-conflict-with-guava.jar:/Users/thu/.m2/repository/org/checkerframework/checker-qual/3.12.0/checker-qual-3.12.0.jar:/Users/thu/.m2/repository/com/google/errorprone/error_prone_annotations/2.11.0/error_prone_annotations-2.11.0.jar:/Users/thu/.m2/repository/com/google/j2objc/j2objc-annotations/1.3/j2objc-annotations-1.3.jar:/Users/thu/.m2/repository/org/seleniumhq/selenium/selenium-chromium-driver/4.2.2/selenium-chromium-driver-4.2.2.jar:/Users/thu/.m2/repository/org/seleniumhq/selenium/selenium-json/4.2.2/selenium-json-4.2.2.jar:/Users/thu/.m2/repository/org/seleniumhq/selenium/selenium-devtools-v100/4.2.2/selenium-devtools-v100-4.2.2.jar:/Users/thu/.m2/repository/org/seleniumhq/selenium/selenium-devtools-v101/4.2.2/selenium-devtools-v101-4.2.2.jar:/Users/thu/.m2/repository/org/seleniumhq/selenium/selenium-devtools-v102/4.2.2/selenium-devtools-v102-4.2.2.jar:/Users/thu/.m2/repository/org/seleniumhq/selenium/selenium-devtools-v85/4.2.2/selenium-devtools-v85-4.2.2.jar:/Users/thu/.m2/repository/org/seleniumhq/selenium/selenium-edge-driver/4.2.2/selenium-edge-driver-4.2.2.jar:/Users/thu/.m2/repository/org/seleniumhq/selenium/selenium-firefox-driver/4.2.2/selenium-firefox-driver-4.2.2.jar:/Users/thu/.m2/repository/org/seleniumhq/selenium/selenium-ie-driver/4.2.2/selenium-ie-driver-4.2.2.jar:/Users/thu/.m2/repository/org/seleniumhq/selenium/selenium-opera-driver/4.2.2/selenium-opera-driver-4.2.2.jar:/Users/thu/.m2/repository/org/seleniumhq/selenium/selenium-remote-driver/4.2.2/selenium-remote-driver-4.2.2.jar:/Users/thu/.m2/repository/io/netty/netty-buffer/4.1.77.Final/netty-buffer-4.1.77.Final.jar:/Users/thu/.m2/repository/io/netty/netty-codec-http/4.1.77.Final/netty-codec-http-4.1.77.Final.jar:/Users/thu/.m2/repository/io/netty/netty-codec/4.1.77.Final/netty-codec-4.1.77.Final.jar:/Users/thu/.m2/repository/io/netty/netty-handler/4.1.77.Final/netty-handler-4.1.77.Final.jar:/Users/thu/.m2/repository/io/netty/netty-common/4.1.77.Final/netty-common-4.1.77.Final.jar:/Users/thu/.m2/repository/io/netty/netty-transport-classes-epoll/4.1.77.Final/netty-transport-classes-epoll-4.1.77.Final.jar:/Users/thu/.m2/repository/io/netty/netty-transport-classes-kqueue/4.1.77.Final/netty-transport-classes-kqueue-4.1.77.Final.jar:/Users/thu/.m2/repository/io/netty/netty-transport-native-epoll/4.1.77.Final/netty-transport-native-epoll-4.1.77.Final.jar:/Users/thu/.m2/repository/io/netty/netty-transport-native-kqueue/4.1.77.Final/netty-transport-native-kqueue-4.1.77.Final.jar:/Users/thu/.m2/repository/io/netty/netty-transport-native-unix-common/4.1.77.Final/netty-transport-native-unix-common-4.1.77.Final.jar:/Users/thu/.m2/repository/io/netty/netty-transport/4.1.77.Final/netty-transport-4.1.77.Final.jar:/Users/thu/.m2/repository/io/netty/netty-resolver/4.1.77.Final/netty-resolver-4.1.77.Final.jar:/Users/thu/.m2/repository/io/opentelemetry/opentelemetry-api/1.14.0/opentelemetry-api-1.14.0.jar:/Users/thu/.m2/repository/io/opentelemetry/opentelemetry-context/1.14.0/opentelemetry-context-1.14.0.jar:/Users/thu/.m2/repository/io/opentelemetry/opentelemetry-exporter-logging/1.14.0/opentelemetry-exporter-logging-1.14.0.jar:/Users/thu/.m2/repository/io/opentelemetry/opentelemetry-sdk-metrics/1.14.0/opentelemetry-sdk-metrics-1.14.0.jar:/Users/thu/.m2/repository/io/opentelemetry/opentelemetry-sdk-logs/1.14.0-alpha/opentelemetry-sdk-logs-1.14.0-alpha.jar:/Users/thu/.m2/repository/io/opentelemetry/opentelemetry-sdk-common/1.14.0/opentelemetry-sdk-common-1.14.0.jar:/Users/thu/.m2/repository/io/opentelemetry/opentelemetry-sdk-extension-autoconfigure-spi/1.14.0/opentelemetry-sdk-extension-autoconfigure-spi-1.14.0.jar:/Users/thu/.m2/repository/io/opentelemetry/opentelemetry-sdk-extension-autoconfigure/1.14.0-alpha/opentelemetry-sdk-extension-autoconfigure-1.14.0-alpha.jar:/Users/thu/.m2/repository/io/opentelemetry/opentelemetry-sdk-trace/1.14.0/opentelemetry-sdk-trace-1.14.0.jar:/Users/thu/.m2/repository/io/opentelemetry/opentelemetry-sdk/1.14.0/opentelemetry-sdk-1.14.0.jar:/Users/thu/.m2/repository/io/opentelemetry/opentelemetry-semconv/1.14.0-alpha/opentelemetry-semconv-1.14.0-alpha.jar:/Users/thu/.m2/repository/io/ous/jtoml/2.0.0/jtoml-2.0.0.jar:/Users/thu/.m2/repository/net/bytebuddy/byte-buddy/1.12.10/byte-buddy-1.12.10.jar:/Users/thu/.m2/repository/org/apache/commons/commons-exec/1.3/commons-exec-1.3.jar:/Users/thu/.m2/repository/org/asynchttpclient/async-http-client/2.12.3/async-http-client-2.12.3.jar:/Users/thu/.m2/repository/org/asynchttpclient/async-http-client-netty-utils/2.12.3/async-http-client-netty-utils-2.12.3.jar:/Users/thu/.m2/repository/io/netty/netty-codec-socks/4.1.60.Final/netty-codec-socks-4.1.60.Final.jar:/Users/thu/.m2/repository/io/netty/netty-handler-proxy/4.1.60.Final/netty-handler-proxy-4.1.60.Final.jar:/Users/thu/.m2/repository/io/netty/netty-transport-native-epoll/4.1.60.Final/netty-transport-native-epoll-4.1.60.Final-linux-x86_64.jar:/Users/thu/.m2/repository/io/netty/netty-transport-native-kqueue/4.1.60.Final/netty-transport-native-kqueue-4.1.60.Final-osx-x86_64.jar:/Users/thu/.m2/repository/com/typesafe/netty/netty-reactive-streams/2.0.4/netty-reactive-streams-2.0.4.jar:/Users/thu/.m2/repository/com/sun/activation/jakarta.activation/1.2.2/jakarta.activation-1.2.2.jar:/Users/thu/.m2/repository/org/seleniumhq/selenium/selenium-http/4.2.2/selenium-http-4.2.2.jar:/Users/thu/.m2/repository/dev/failsafe/failsafe/3.2.4/failsafe-3.2.4.jar:/Users/thu/.m2/repository/org/seleniumhq/selenium/selenium-safari-driver/4.2.2/selenium-safari-driver-4.2.2.jar:/Users/thu/.m2/repository/org/seleniumhq/selenium/selenium-support/4.2.2/selenium-support-4.2.2.jar:/Users/thu/.m2/repository/org/testng/testng/7.5/testng-7.5.jar:/Users/thu/.m2/repository/com/google/code/findbugs/jsr305/3.0.1/jsr305-3.0.1.jar:/Users/thu/.m2/repository/com/beust/jcommander/1.78/jcommander-1.78.jar:/Users/thu/.m2/repository/org/webjars/jquery/3.5.1/jquery-3.5.1.jar:/Users/thu/.m2/repository/junit/junit/4.11/junit-4.11.jar:/Users/thu/.m2/repository/org/hamcrest/hamcrest-core/1.3/hamcrest-core-1.3.jar:"/>
    <property name="sun.cpu.endian" value="little"/>
    <property name="user.home" value="/Users/thu"/>
    <property name="user.language" value="en"/>
    <property name="java.specification.vendor" value="Oracle Corporation"/>
    <property name="java.version.date" value="2022-04-22"/>
    <property name="java.home" value="/Library/Java/JavaVirtualMachines/jdk-18.0.1.1.jdk/Contents/Home"/>
    <property name="file.separator" value="/"/>
    <property name="basedir" value="/Users/thu/seleniumtraining/E2EProject"/>
    <property name="java.vm.compressedOopsMode" value="Zero based"/>
    <property name="line.separator" value="&#10;"/>
    <property name="java.vm.specification.vendor" value="Oracle Corporation"/>
    <property name="java.specification.name" value="Java Platform API Specification"/>
    <property name="apple.awt.application.name" value="ForkedBooter"/>
    <property name="surefire.real.class.path" value="/Users/thu/seleniumtraining/E2EProject/target/surefire/surefirebooter-20220628131150792_3.jar"/>
    <property name="sun.management.compiler" value="HotSpot 64-Bit Tiered Compilers"/>
    <property name="ftp.nonProxyHosts" value="local|*.local|169.254/16|*.169.254/16"/>
    <property name="java.runtime.version" value="18.0.1.1+2-6"/>
    <property name="user.name" value="thu"/>
    <property name="path.separator" value=":"/>
    <property name="os.version" value="12.3.1"/>
    <property name="java.runtime.name" value="Java(TM) SE Runtime Environment"/>
    <property name="file.encoding" value="UTF-8"/>
    <property name="java.vm.name" value="Java HotSpot(TM) 64-Bit Server VM"/>
    <property name="localRepository" value="/Users/thu/.m2/repository"/>
    <property name="java.vendor.url.bug" value="https://bugreport.java.com/bugreport/"/>
    <property name="java.io.tmpdir" value="/var/folders/2h/s19qnkqx7839mh7s40jsnd9r0000gn/T/"/>
    <property name="java.version" value="18.0.1.1"/>
    <property name="user.dir" value="/Users/thu/seleniumtraining/E2EProject"/>
    <property name="os.arch" value="aarch64"/>
    <property name="java.vm.specification.name" value="Java Virtual Machine Specification"/>
    <property name="native.encoding" value="UTF-8"/>
    <property name="java.library.path" value="/Users/thu/Library/Java/Extensions:/Library/Java/Extensions:/Network/Library/Java/Extensions:/System/Library/Java/Extensions:/usr/lib/java:."/>
    <property name="java.vm.info" value="mixed mode, sharing"/>
    <property name="java.vendor" value="Oracle Corporation"/>
    <property name="java.vm.version" value="18.0.1.1+2-6"/>
    <property name="sun.io.unicode.encoding" value="UnicodeBig"/>
    <property name="socksNonProxyHosts" value="local|*.local|169.254/16|*.169.254/16"/>
    <property name="java.class.version" value="62.0"/>
  </properties>
  <testcase name="shouldAnswerWithTrue" classname="Academy.AppTest" time="0.004">
    <system-out><![CDATA[chrome
chrome
chrome
]]></system-out>
    <system-err><![CDATA[SLF4J: Failed to load class "org.slf4j.impl.StaticLoggerBinder".
SLF4J: Defaulting to no-operation (NOP) logger implementation
SLF4J: See http://www.slf4j.org/codes.html#StaticLoggerBinder for further details.
]]></system-err>
  </testcase>
  <testcase name="validateAppTitle" classname="Academy.validateTitle" time="0.022">
    <system-out><![CDATA[Test completed
]]></system-out>
    <system-err><![CDATA[SSttaarrttiinngg  SCChhrromeDtrairvteirn g1 0C2h.r0o.m5e0D0r5i.v6e1r  (100e25.90bo.c5c0000m5ce.cD4r9i8v5ecre 3190a62d.301.1c51050 050.665(1f 01e559(9db9c50ca0d03ec-cr4e95f8s95/bcbcerc3a09n0accdch34-19hce81a55cd0es03/69550afd015351@9{dc#1851099}06)55 aofdn13 5-p9roder9f5ts a/d4b3r-a9rn9ecf7h0s-
/hbOernaaldynsc/ h5l-0ho0ec5aa@dl{s #c/8159o0nn}0e)5c @otin{o #pn8os1 r9at} r)6e  4o7an0l 8lpo
oOwrentld .y5
 8lP3lo7ec4a
aOsln elc yos nelenoe chcattli tocpnossn: na/e/rcecth iraolonmlseo wdarerdiev. e
aPrll.lecohawsereod m.si
uePeml .ehoatrstge/p ssse:ec/eu/ rihctthtyrp-oscm:oen/ds/ricihdvererorma.etcdihrorinosvm eifruo.mcr.h orsrouggm/gessietciuornuist myo.-nco orknges/eispdeiecnrugar tiCithoryno-smc eofDnorsrii vdseeurrg agsteaisfoteni.so
 nfso Croh nrs oukmgeegeDeprsiitnvigeo rnC shw raoosnm  eskDteraeirpvtieenrdg   ssCauhfcerc.oe
msesCDfhrurilovlmeyer.D 
rsiavfeer. 
waCsh rsotmaerDtreidv esru cwcaes ssstfaurltleyd. 
successfully.
[1656414713.520][WARNING]: This version of ChromeDriver has not been tested with Chrome version 103.
[16564[141761536.4512447]1[3W.A5R2N6I]N[GW]A:R NTIhNiGs] :v eTrhsiions  ovfe rCshiroonm eoDfr iCvherro mheaDsr invoetr  bheaesn  ntoets tbeede nw ittehs tCehdro mwei tvhe rCshiroonm e1 0v3e.r
sion 103.
Jun 28, 2022 1:11:53 PM org.openqa.selenium.remote.ProtocolHandshake createSession
INFO: Detected upstream dialect: W3C
Jun 28, 2022 1:11:53 PM org.openqa.selenium.remote.ProtocolHandshake createSession
INFO: Detected upstream dialect: W3C
Jun 28, 2022 1:11:53 PM org.openqa.selenium.remote.ProtocolHandshake createSession
INFO: Detected upstream dialect: W3C
Jun 28, 2022 1:11:53 PM org.openqa.selenium.devtools.CdpVersionFinder findNearestMatch
WARNING: Unable to find an exact match for CDP version 103, so returning the closest version found: 102
Jun 28, 2022 1:11:53 PM org.openqa.selenium.devtools.CdpVersionFinder findNearestMatch
WARNING: Unable to find an exact match for CDP version 103, so returning the closest version found: 102
Jun 28, 2022 1:11:53 PM org.openqa.selenium.devtools.CdpVersionFinder findNearestMatch
INFO: Found CDP implementation for version 103 of 102
Jun 28, 2022 1:11:53 PM org.openqa.selenium.devtools.CdpVersionFinder findNearestMatch
INFO: Found CDP implementation for version 103 of 102
Jun 28, 2022 1:11:53 PM org.openqa.selenium.devtools.CdpVersionFinder findNearestMatch
WARNING: Unable to find an exact match for CDP version 103, so returning the closest version found: 102
Jun 28, 2022 1:11:53 PM org.openqa.selenium.devtools.CdpVersionFinder findNearestMatch
INFO: Found CDP implementation for version 103 of 102
]]></system-err>
  </testcase>
  <testcase name="validateHeader" classname="Academy.validateTitle" time="0.015">
    <system-out><![CDATA[Test completed
]]></system-out>
  </testcase>
  <testcase name="validateAppNavBar" classname="Academy.validateNavigationBar" time="0.023"/>
  <testcase name="basePageNavigation[unrestricteduser@em.com, 123456@em, Restricted User](1)" classname="Academy.HomePage" time="1.557"/>
  <testcase name="basePageNavigation[restricteduser@em.com, 9876543, Non Restricted User](2)" classname="Academy.HomePage" time="11.333"/>
</testsuite>