<?xml version="1.0" encoding="UTF-8"?>
<!-- Generated by org.testng.reporters.JUnitReportReporter -->
<testsuite hostname="thus-macbook-pro.home" failures="0" tests="2" name="Academy.HomePage" time="31.262" errors="0" timestamp="2022-06-28T13:12:25 CEST" skipped="0">
  <testcase classname="Academy.HomePage" name="basePageNavigation" time="19.930"/>
  <system-out/>
  <testcase classname="Academy.HomePage" name="basePageNavigation" time="11.332"/>
  <system-out/>
</testsuite> <!-- Academy.HomePage -->
