<?xml version="1.0" encoding="UTF-8"?>
<!-- Generated by org.testng.reporters.JUnitReportReporter -->
<testsuite hostname="thus-macbook-pro.home" failures="0" tests="1" name="Academy.AppTest" time="0.003" errors="0" timestamp="2022-06-28T13:12:25 CEST" skipped="0">
  <testcase classname="Academy.AppTest" name="shouldAnswerWithTrue" time="0.003"/>
  <system-out/>
</testsuite> <!-- Academy.AppTest -->
