<?xml version="1.0" encoding="UTF-8"?>
<!-- Generated by org.testng.reporters.JUnitReportReporter -->
<testsuite hostname="thus-macbook-pro.home" failures="0" tests="2" name="Academy.validateTitle" time="0.037" errors="0" timestamp="2022-06-28T13:12:25 CEST" skipped="0">
  <testcase classname="Academy.validateTitle" name="validateAppTitle" time="0.022"/>
  <system-out/>
  <testcase classname="Academy.validateTitle" name="validateHeader" time="0.015"/>
  <system-out/>
</testsuite> <!-- Academy.validateTitle -->
