<?xml version="1.0" encoding="UTF-8"?>
<!-- Generated by org.testng.reporters.JUnitReportReporter -->
<testsuite hostname="thus-macbook-pro.home" failures="0" tests="1" name="Academy.validateNavigationBar" time="0.023" errors="0" timestamp="2022-06-28T13:12:25 CEST" skipped="0">
  <testcase classname="Academy.validateNavigationBar" name="validateAppNavBar" time="0.023"/>
  <system-out/>
</testsuite> <!-- Academy.validateNavigationBar -->
